[INFO] [2025-05-26 17:19:22.685] : info log.py -> <module> line 59]
[WARNING] [2025-05-26 17:19:22.686] : warning log.py -> <module> line 60]
[ERROR] [2025-05-26 17:19:22.686] : error log.py -> <module> line 61]
[CRITICAL] [2025-05-26 17:19:22.686] : critical log.py -> <module> line 62]
[INFO] [2025-05-26 17:20:40.872] : info log.py -> log.py line 59]
[WARNING] [2025-05-26 17:20:40.872] : warning log.py -> log.py line 60]
[ERROR] [2025-05-26 17:20:40.872] : error log.py -> log.py line 61]
[CRITICAL] [2025-05-26 17:20:40.873] : critical log.py -> log.py line 62]
[INFO] [2025-05-26 17:21:03.384] : info log.py -> log.py line 59]
[WARNING] [2025-05-26 17:21:03.384] : warning log.py -> log.py line 60]
[ERROR] [2025-05-26 17:21:03.418] : error log.py -> log.py line 61]
[CRITICAL] [2025-05-26 17:21:03.418] : critical log.py -> log.py line 62]
[INFO] [2025-05-26 17:22:45.006] : info log.py -> <module> line 59]
[WARNING] [2025-05-26 17:22:45.007] : warning log.py -> <module> line 60]
[ERROR] [2025-05-26 17:22:45.007] : error log.py -> <module> line 61]
[CRITICAL] [2025-05-26 17:22:45.007] : critical log.py -> <module> line 62]
[INFO] [2025-05-26 21:56:53.728] : info log.py -> <module> line 59]
[WARNING] [2025-05-26 21:56:53.728] : warning log.py -> <module> line 60]
[ERROR] [2025-05-26 21:56:53.728] : error log.py -> <module> line 61]
[CRITICAL] [2025-05-26 21:56:53.728] : critical log.py -> <module> line 62]
